make --dry-run --always-make --keep-going --print-directory
make: Entering directory '/home/bankai/42/pipex'
make -C ./libft all
make[1]: Entering directory '/home/bankai/42/pipex/libft'
cc -g3 -Wall -Wextra -Werror -c ft_atoi.c -o ft_atoi.o
cc -g3 -Wall -Wextra -Werror -c ft_bzero.c -o ft_bzero.o
cc -g3 -Wall -Wextra -Werror -c ft_calloc.c -o ft_calloc.o
cc -g3 -Wall -Wextra -Werror -c ft_isalnum.c -o ft_isalnum.o
cc -g3 -Wall -Wextra -Werror -c ft_isalpha.c -o ft_isalpha.o
cc -g3 -Wall -Wextra -Werror -c ft_isascii.c -o ft_isascii.o
cc -g3 -Wall -Wextra -Werror -c ft_isdigit.c -o ft_isdigit.o
cc -g3 -Wall -Wextra -Werror -c ft_isprint.c -o ft_isprint.o
cc -g3 -Wall -Wextra -Werror -c ft_itoa.c -o ft_itoa.o
cc -g3 -Wall -Wextra -Werror -c ft_memchr.c -o ft_memchr.o
cc -g3 -Wall -Wextra -Werror -c ft_memcmp.c -o ft_memcmp.o
cc -g3 -Wall -Wextra -Werror -c ft_memcpy.c -o ft_memcpy.o
cc -g3 -Wall -Wextra -Werror -c ft_memmove.c -o ft_memmove.o
cc -g3 -Wall -Wextra -Werror -c ft_memset.c -o ft_memset.o
cc -g3 -Wall -Wextra -Werror -c ft_putchar_fd.c -o ft_putchar_fd.o
cc -g3 -Wall -Wextra -Werror -c ft_putendl_fd.c -o ft_putendl_fd.o
cc -g3 -Wall -Wextra -Werror -c ft_putnbr_fd.c -o ft_putnbr_fd.o
cc -g3 -Wall -Wextra -Werror -c ft_putstr_fd.c -o ft_putstr_fd.o
cc -g3 -Wall -Wextra -Werror -c ft_split.c -o ft_split.o
cc -g3 -Wall -Wextra -Werror -c ft_strchr.c -o ft_strchr.o
cc -g3 -Wall -Wextra -Werror -c ft_strdup.c -o ft_strdup.o
cc -g3 -Wall -Wextra -Werror -c ft_striteri.c -o ft_striteri.o
cc -g3 -Wall -Wextra -Werror -c ft_strjoin.c -o ft_strjoin.o
cc -g3 -Wall -Wextra -Werror -c ft_strlcat.c -o ft_strlcat.o
cc -g3 -Wall -Wextra -Werror -c ft_strlcpy.c -o ft_strlcpy.o
cc -g3 -Wall -Wextra -Werror -c ft_strlen.c -o ft_strlen.o
cc -g3 -Wall -Wextra -Werror -c ft_strmapi.c -o ft_strmapi.o
cc -g3 -Wall -Wextra -Werror -c ft_strncmp.c -o ft_strncmp.o
cc -g3 -Wall -Wextra -Werror -c ft_strnstr.c -o ft_strnstr.o
cc -g3 -Wall -Wextra -Werror -c ft_strrchr.c -o ft_strrchr.o
cc -g3 -Wall -Wextra -Werror -c ft_strtrim.c -o ft_strtrim.o
cc -g3 -Wall -Wextra -Werror -c ft_substr.c -o ft_substr.o
cc -g3 -Wall -Wextra -Werror -c ft_tolower.c -o ft_tolower.o
cc -g3 -Wall -Wextra -Werror -c ft_toupper.c -o ft_toupper.o
cc -g3 -Wall -Wextra -Werror -c get_next_line.c -o get_next_line.o
cc -g3 -Wall -Wextra -Werror -c free_ptr.c -o free_ptr.o
cc -g3 -Wall -Wextra -Werror -c numb_house.c -o numb_house.o
ar -rcs libft.a ft_atoi.o ft_bzero.o ft_calloc.o ft_isalnum.o ft_isalpha.o ft_isascii.o ft_isdigit.o ft_isprint.o ft_itoa.o ft_memchr.o ft_memcmp.o ft_memcpy.o ft_memmove.o ft_memset.o ft_putchar_fd.o ft_putendl_fd.o ft_putnbr_fd.o ft_putstr_fd.o ft_split.o ft_strchr.o ft_strdup.o ft_striteri.o ft_strjoin.o ft_strlcat.o ft_strlcpy.o ft_strlen.o ft_strmapi.o ft_strncmp.o ft_strnstr.o ft_strrchr.o ft_strtrim.o ft_substr.o ft_tolower.o ft_toupper.o get_next_line.o free_ptr.o numb_house.o libft.h
make[1]: Leaving directory '/home/bankai/42/pipex/libft'
mkdir -p objects
cc -g3 -Wall -Wextra -Werror -c ./sourcs/main.c -o objects/main.o
cc -g3 -Wall -Wextra -Werror -c ./sourcs/creat_paths.c -o objects/creat_paths.o
cc -g3 -Wall -Wextra -Werror -c ./sourcs/pipex.c -o objects/pipex.o
cc -g3 -Wall -Wextra -Werror -c ./sourcs/find_cmd.c -o objects/find_cmd.o
cc -g3 -Wall -Wextra -Werror -c ./sourcs/ultils.c -o objects/ultils.o
cc -g3 -Wall -Wextra -Werror  objects/main.o  objects/creat_paths.o  objects/pipex.o  objects/find_cmd.o  objects/ultils.o ./libft/libft.a -o pipex
make: Leaving directory '/home/bankai/42/pipex'
 
